Tunel de Pena
Tunel Iglesias
Tunel Cantalobos
Camí de la Moixella
Cami de la Moixella
Nus de la Trinitat
Jakoba Vojo
Saint James's Way
Camino de Santiago
Cami de Sant Jaume
Camí de Sant Jaume
Old Railway Station
cami de Nuria
Carretera General del Norte
la Rambla
La Rambla
Passeig de Gracia
Calle de Santa Ana
Passeig de la Rambla
Passeig des Born
Gran Via
Gran Via
Las Campas
Calle de Elvira
Majarabique yard
Caminito del Rey
Valencia-Sud
Gran Via
Camino la Via
Nacional 340
Carretera Valencia 703
Carretera Valencia 7920
Carretera Valencia 790
Carretera Busot-Jijona-Alicante
Carretera Busot-El Campello
Avenida del Mediterraneo
C/ Toni Leblanc
AV/Comunitat Valenciana
Carretera (CV-705)
Carretera ( CV-701)
Carretera ( C-V 711)
